<?xml version="1.0" encoding="UTF-8"?>
<testng-results ignored="0" total="1" passed="1" failed="0" skipped="0">
  <reporter-output>
  </reporter-output>
  <suite started-at="2025-12-18T09:19:00 IST" name="Default suite" finished-at="2025-12-18T09:19:14 IST" duration-ms="13371">
    <groups>
    </groups>
    <test started-at="2025-12-18T09:19:00 IST" name="Default test" finished-at="2025-12-18T09:19:14 IST" duration-ms="13371">
      <class name="JavaSelenium.AmazonWebAutomation.Amazon">
        <test-method is-config="true" signature="setup()[pri:0, instance:JavaSelenium.AmazonWebAutomation.Amazon@60099951]" started-at="2025-12-18T09:19:00 IST" name="setup" finished-at="2025-12-18T09:19:02 IST" duration-ms="1819" status="PASS">
          <reporter-output>
          </reporter-output>
        </test-method> <!-- setup -->
        <test-method signature="searchAndValidateProduct()[pri:0, instance:JavaSelenium.AmazonWebAutomation.Amazon@60099951]" started-at="2025-12-18T09:19:02 IST" name="searchAndValidateProduct" finished-at="2025-12-18T09:19:13 IST" duration-ms="11216" status="PASS">
          <reporter-output>
          </reporter-output>
        </test-method> <!-- searchAndValidateProduct -->
        <test-method is-config="true" signature="tearDown()[pri:0, instance:JavaSelenium.AmazonWebAutomation.Amazon@60099951]" started-at="2025-12-18T09:19:13 IST" name="tearDown" finished-at="2025-12-18T09:19:14 IST" duration-ms="277" status="PASS">
          <reporter-output>
          </reporter-output>
        </test-method> <!-- tearDown -->
      </class> <!-- JavaSelenium.AmazonWebAutomation.Amazon -->
    </test> <!-- Default test -->
  </suite> <!-- Default suite -->
</testng-results>
